0	1	mikroCPIC1618.exe -MSF -DBG -pP18F6720 -DL -O11111114 -fo16 -N"E:\Electronics\ORION 2013\Steering Wheel\Steering Wheel.mcppi" -SP"C:\Users\Public\Documents\Mikroelektronika\mikroC PRO for PIC\defs\" -SP"C:\Users\Public\Documents\Mikroelektronika\mikroC PRO for PIC\uses\P18\" -SP"E:\Electronics\ORION 2013\Steering Wheel\" -SP"U:\Electronics\ORION 2013\Steering Wheel\" "Steering Wheel.c" "__Lib_Math.mcl" "__Lib_MathDouble.mcl" "__Lib_System.mcl" "__Lib_Delays.mcl" "__Lib_CType.mcl" "__Lib_CString.mcl" "__Lib_CStdlib.mcl" "__Lib_CMath.mcl" "__Lib_Conversions.mcl" "__Lib_Sprintf.mcl" "__Lib_PrintOut.mcl" "__Lib_Sprinti.mcl" "__Lib_Sprintl.mcl" "__Lib_Time.mcl" "__Lib_Trigonometry.mcl" "__Lib_Button.mcl" "__Lib_Keypad4x4.mcl" "__Lib_Manchester.mcl" "__Lib_OneWire.mcl" "__Lib_PS2.mcl" "__Lib_Sound.mcl" "__Lib_SoftI2C.mcl" "__Lib_SoftSPI.mcl" "__Lib_SoftUART.mcl" "__Lib_ADC_A_D.mcl" "__Lib_EEPROM_1024.mcl" "__Lib_FLASH_w8_e64.mcl" "__Lib_I2C_c34.mcl" "__Lib_SPI_c345.mcl" "__Lib_UART_c67g12.mcl" "__Lib_PortExpander.mcl" "__Lib_CANSPI.mcl" "__Lib_CF.mcl" "__Lib_CFFat16.mcl" "__Lib_GlcdFonts.mcl" "__Lib_Glcd.mcl" "__Lib_LcdConsts.mcl" "__Lib_Lcd.mcl" "__Lib_Mmc.mcl" "__Lib_MmcFat16.mcl" "__Lib_RS485.mcl" "__Lib_S1D13700.mcl" "__Lib_T6963C.mcl" "__Lib_SPIGlcd.mcl" "__Lib_SPILcd.mcl" "__Lib_SPILcd8.mcl" "__Lib_SPIT6963C.mcl" "__Lib_EthEnc28j60.mcl" "__Lib_EthEnc24j600.mcl" "__Lib_TouchPanel.mcl"	 
warning: 0	1501	Specified search path does not exist: 'U:\Electronics\ORION 2013\Steering Wheel'	 
hint: 0	1139	Available RAM: 3819 [bytes], Available ROM: 131072 [bytes]	 
diagnostics: 0	126	All files Preprocessed in 31 ms	 
diagnostics: 0	122	Compilation Started	Steering Wheel.c
warning: 41	1503	Result is not defined in function: 'segl'	Steering Wheel.c
warning: 65	1503	Result is not defined in function: 'segr'	Steering Wheel.c
warning: 85	1503	Result is not defined in function: 'gps'	Steering Wheel.c
warning: 93	1503	Result is not defined in function: 'voltage'	Steering Wheel.c
warning: 100	1503	Result is not defined in function: 'et'	Steering Wheel.c
warning: 111	1503	Result is not defined in function: 'speed'	Steering Wheel.c
diagnostics: 176	123	Compiled Successfully	Steering Wheel.c
hint: 115	1164	Variable 'cnt' has been eliminated by optimizer	Steering Wheel.c
diagnostics: 0	127	All files Compiled in 63 ms	 
hint: 0	1144	Used RAM (bytes): 75 (2%)  Free RAM (bytes): 3744 (98%)	Used RAM (bytes): 75 (2%)  Free RAM (bytes): 3744 (98%)
hint: 0	1144	Used ROM (bytes): 1270 (1%)  Free ROM (bytes): 129802 (99%)	Used ROM (bytes): 1270 (1%)  Free ROM (bytes): 129802 (99%)
diagnostics: 0	125	Project Linked Successfully	Steering Wheel.mcppi
diagnostics: 0	128	Linked in 234 ms	 
diagnostics: 0	129	Project 'Steering Wheel.mcppi' completed: 406 ms	 
diagnostics: 0	103	Finished successfully: 15 Jan 2013, 23:52:54	Steering Wheel.mcppi
