;  LST file generated by mikroListExporter - v.2.0 
; Date/Time: 1/15/2013 11:52:53 PM
;----------------------------------------------

;Address Opcode 	ASM
0x0000	0xF001EF98  	GOTO        816
0x0004	0x0000      	NOP
0x0006	0x0000      	NOP
0x0008	0xF000EF00  	GOTO        0
0x000C	0x0000      	NOP
0x000E	0x0000      	NOP
0x0010	0x0000      	NOP
0x0012	0x0000      	NOP
0x0014	0x0000      	NOP
0x0016	0x0000      	NOP
0x0018	0xD7F3      	BRA         0
___CC2DW:
;__Lib_System.c,21 :: 		
;__Lib_System.c,23 :: 		
_CC2DL_Loop1:
;__Lib_System.c,24 :: 		
0x001C	0x0009      	TBLRD*+
;__Lib_System.c,25 :: 		
0x001E	0xFFE6CFF5  	MOVFF       TABLAT, POSTINC1
;__Lib_System.c,26 :: 		
0x0022	0x0600      	DECF        R0, 1, 0
;__Lib_System.c,27 :: 		
0x0024	0xE1FB      	BNZ         _CC2DL_Loop1
;__Lib_System.c,28 :: 		
0x0026	0x0601      	DECF        R1, 1, 0
;__Lib_System.c,29 :: 		
0x0028	0xE1F9      	BNZ         _CC2DL_Loop1
;__Lib_System.c,31 :: 		
0x002A	0x0012      	RETURN      0
; end of ___CC2DW
_Div_16x16_S_L:
;__Lib_Math.c,139 :: 		
;__Lib_Math.c,146 :: 		
0x002C	0x3401      	RLCF        R1, 0, 0
;__Lib_Math.c,147 :: 		
0x002E	0x3608      	RLCF        R8, 1, 0
;__Lib_Math.c,148 :: 		
0x0030	0x3609      	RLCF        R9, 1, 0
;__Lib_Math.c,149 :: 		
0x0032	0x5004      	MOVF        R4, 0, 0
;__Lib_Math.c,150 :: 		
0x0034	0x5E08      	SUBWF       R8, 1, 0
;__Lib_Math.c,151 :: 		
0x0036	0x5005      	MOVF        R5, 0, 0
;__Lib_Math.c,152 :: 		
0x0038	0xA0D8      	BTFSS       STATUS, 0, 0
;__Lib_Math.c,153 :: 		
0x003A	0x3C05      	INCFSZ      R5, 0, 0
;__Lib_Math.c,154 :: 		
0x003C	0x5E09      	SUBWF       R9, 1, 0
;__Lib_Math.c,155 :: 		
0x003E	0x3600      	RLCF        R0, 1, 0
;__Lib_Math.c,156 :: 		
0x0040	0x3601      	RLCF        R1, 1, 0
;__Lib_Math.c,158 :: 		
0x0042	0x0E0F      	MOVLW       15
;__Lib_Math.c,159 :: 		
0x0044	0x6E0C      	MOVWF       R12, 0
;__Lib_Math.c,161 :: 		
0x0046	0x3401      	RLCF        R1, 0, 0
;__Lib_Math.c,162 :: 		
0x0048	0x3608      	RLCF        R8, 1, 0
;__Lib_Math.c,163 :: 		
0x004A	0x3609      	RLCF        R9, 1, 0
;__Lib_Math.c,164 :: 		
0x004C	0x5004      	MOVF        R4, 0, 0
;__Lib_Math.c,166 :: 		
0x004E	0xA000      	BTFSS       R0, 0, 0
;__Lib_Math.c,167 :: 		
0x0050	0xD006      	BRA         $+14
;__Lib_Math.c,168 :: 		
0x0052	0x5E08      	SUBWF       R8, 1, 0
;__Lib_Math.c,169 :: 		
0x0054	0x5005      	MOVF        R5, 0, 0
;__Lib_Math.c,170 :: 		
0x0056	0xA0D8      	BTFSS       STATUS, 0, 0
;__Lib_Math.c,171 :: 		
0x0058	0x3C05      	INCFSZ      R5, 0, 0
;__Lib_Math.c,172 :: 		
0x005A	0x5E09      	SUBWF       R9, 1, 0
;__Lib_Math.c,173 :: 		
0x005C	0xD005      	BRA         $+12
;__Lib_Math.c,175 :: 		
0x005E	0x2608      	ADDWF       R8, 1, 0
;__Lib_Math.c,176 :: 		
0x0060	0x5005      	MOVF        R5, 0, 0
;__Lib_Math.c,177 :: 		
0x0062	0xB0D8      	BTFSC       STATUS, 0, 0
;__Lib_Math.c,178 :: 		
0x0064	0x3C05      	INCFSZ      R5, 0, 0
;__Lib_Math.c,179 :: 		
0x0066	0x2609      	ADDWF       R9, 1, 0
;__Lib_Math.c,181 :: 		
0x0068	0x3600      	RLCF        R0, 1, 0
;__Lib_Math.c,182 :: 		
0x006A	0x3601      	RLCF        R1, 1, 0
;__Lib_Math.c,184 :: 		
0x006C	0x2E0C      	DECFSZ      R12, 1, 0
;__Lib_Math.c,185 :: 		
0x006E	0xD7EB      	BRA         $-40
;__Lib_Math.c,187 :: 		
0x0070	0xB000      	BTFSC       R0, 0, 0
;__Lib_Math.c,188 :: 		
0x0072	0xD006      	BRA         $+14
;__Lib_Math.c,189 :: 		
0x0074	0x5004      	MOVF        R4, 0, 0
;__Lib_Math.c,190 :: 		
0x0076	0x2608      	ADDWF       R8, 1, 0
;__Lib_Math.c,191 :: 		
0x0078	0x5005      	MOVF        R5, 0, 0
;__Lib_Math.c,192 :: 		
0x007A	0xB0D8      	BTFSC       STATUS, 0, 0
;__Lib_Math.c,193 :: 		
0x007C	0x3C05      	INCFSZ      R5, 0, 0
;__Lib_Math.c,194 :: 		
0x007E	0x2609      	ADDWF       R9, 1, 0
;__Lib_Math.c,195 :: 		
0x0080	0x0000      	NOP
;__Lib_Math.c,197 :: 		
0x0082	0x0012      	RETURN      0
; end of _Div_16x16_S_L
_Div_16x16_S:
;__Lib_Math.c,200 :: 		
;__Lib_Math.c,208 :: 		
0x0084	0x5004      	MOVF        R4, 0 
0x0086	0x0A00      	XORLW       0
0x0088	0xE108      	BNZ         L_Div_16x16_S0
;__Lib_Math.c,209 :: 		
0x008A	0x5005      	MOVF        R5, 0 
0x008C	0x0A00      	XORLW       0
0x008E	0xE105      	BNZ         L_Div_16x16_S1
;__Lib_Math.c,210 :: 		
0x0090	0x0EFF      	MOVLW       255
0x0092	0x6E00      	MOVWF       R0 
;__Lib_Math.c,211 :: 		
0x0094	0x0E7F      	MOVLW       127
0x0096	0x6E01      	MOVWF       R1 
;__Lib_Math.c,212 :: 		
0x0098	0x0012      	RETURN      0
;__Lib_Math.c,213 :: 		
L_Div_16x16_S1:
L_Div_16x16_S0:
;__Lib_Math.c,216 :: 		
0x009A	0x6A0D      	CLRF        R13, 0
;__Lib_Math.c,217 :: 		
0x009C	0x6A09      	CLRF        R9, 0
;__Lib_Math.c,218 :: 		
0x009E	0x6A08      	CLRF        R8, 0
;__Lib_Math.c,219 :: 		
0x00A0	0x5001      	MOVF        R1, 0, 0
;__Lib_Math.c,220 :: 		
0x00A2	0x1000      	IORWF       R0, 0, 0
;__Lib_Math.c,221 :: 		
0x00A4	0xB4D8      	BTFSC       STATUS, 2, 0
;__Lib_Math.c,222 :: 		
0x00A6	0x0C00      	RETLW       0
;__Lib_Math.c,224 :: 		
0x00A8	0x5001      	MOVF        R1, 0, 0
;__Lib_Math.c,225 :: 		
0x00AA	0x1805      	XORWF       R5, 0, 0
;__Lib_Math.c,226 :: 		
0x00AC	0x6E0A      	MOVWF       R10, 0
;__Lib_Math.c,227 :: 		
0x00AE	0xBE0A      	BTFSC       R10, 7, 0
;__Lib_Math.c,228 :: 		
0x00B0	0x1E0D      	COMF        R13, 1, 0
;__Lib_Math.c,230 :: 		
0x00B2	0x6A0B      	CLRF        R11, 0
;__Lib_Math.c,232 :: 		
0x00B4	0xAE05      	BTFSS       R5, 7, 0
;__Lib_Math.c,233 :: 		
0x00B6	0xD005      	BRA         $+12
;__Lib_Math.c,235 :: 		
0x00B8	0x1E04      	COMF        R4, 1, 0
;__Lib_Math.c,236 :: 		
0x00BA	0x1E05      	COMF        R5, 1, 0
;__Lib_Math.c,237 :: 		
0x00BC	0x2A04      	INCF        R4, 1, 0
;__Lib_Math.c,238 :: 		
0x00BE	0xB4D8      	BTFSC       STATUS, 2, 0
;__Lib_Math.c,239 :: 		
0x00C0	0x2A05      	INCF        R5, 1, 0
;__Lib_Math.c,241 :: 		
0x00C2	0xAE01      	BTFSS       R1, 7, 0
;__Lib_Math.c,242 :: 		
0x00C4	0xD005      	BRA         $+12
;__Lib_Math.c,244 :: 		
0x00C6	0x1E00      	COMF        R0, 1, 0
;__Lib_Math.c,245 :: 		
0x00C8	0x1E01      	COMF        R1, 1, 0
;__Lib_Math.c,246 :: 		
0x00CA	0x2A00      	INCF        R0, 1, 0
;__Lib_Math.c,247 :: 		
0x00CC	0xB4D8      	BTFSC       STATUS, 2, 0
;__Lib_Math.c,248 :: 		
0x00CE	0x2A01      	INCF        R1, 1, 0
;__Lib_Math.c,250 :: 		
0x00D0	0x5001      	MOVF        R1, 0, 0
;__Lib_Math.c,251 :: 		
0x00D2	0x1005      	IORWF       R5, 0, 0
;__Lib_Math.c,252 :: 		
0x00D4	0x6E0A      	MOVWF       R10, 0
;__Lib_Math.c,253 :: 		
0x00D6	0xBE0A      	BTFSC       R10, 7, 0
;__Lib_Math.c,254 :: 		
0x00D8	0xD010      	BRA         $+34
;__Lib_Math.c,256 :: 		
0x00DA	0xDFA8      	RCALL       _Div_16x16_S_L
;__Lib_Math.c,258 :: 		
0x00DC	0xB00B      	BTFSC       R11, 0, 0
;__Lib_Math.c,259 :: 		
0x00DE	0xD020      	BRA         $+66
;__Lib_Math.c,261 :: 		
0x00E0	0xAE0D      	BTFSS       R13, 7, 0
;__Lib_Math.c,262 :: 		
0x00E2	0x0C00      	RETLW       0
;__Lib_Math.c,264 :: 		
0x00E4	0x1E00      	COMF        R0, 1, 0
;__Lib_Math.c,265 :: 		
0x00E6	0x1E01      	COMF        R1, 1, 0
;__Lib_Math.c,266 :: 		
0x00E8	0x2A00      	INCF        R0, 1, 0
;__Lib_Math.c,267 :: 		
0x00EA	0xB4D8      	BTFSC       STATUS, 2, 0
;__Lib_Math.c,268 :: 		
0x00EC	0x2A01      	INCF        R1, 1, 0
;__Lib_Math.c,270 :: 		
0x00EE	0x1E08      	COMF        R8, 1, 0
;__Lib_Math.c,271 :: 		
0x00F0	0x1E09      	COMF        R9, 1, 0
;__Lib_Math.c,272 :: 		
0x00F2	0x2A08      	INCF        R8, 1, 0
;__Lib_Math.c,273 :: 		
0x00F4	0xB4D8      	BTFSC       STATUS, 2, 0
;__Lib_Math.c,274 :: 		
0x00F6	0x2A09      	INCF        R9, 1, 0
;__Lib_Math.c,276 :: 		
0x00F8	0x0C00      	RETLW       0
;__Lib_Math.c,278 :: 		
0x00FA	0xAE05      	BTFSS       R5, 7, 0
;__Lib_Math.c,279 :: 		
0x00FC	0xD00D      	BRA         $+28
;__Lib_Math.c,280 :: 		
0x00FE	0xBE01      	BTFSC       R1, 7, 0
;__Lib_Math.c,281 :: 		
0x0100	0xD007      	BRA         $+16
;__Lib_Math.c,282 :: 		
0x0102	0x5001      	MOVF        R1, 0, 0
;__Lib_Math.c,283 :: 		
0x0104	0x6E09      	MOVWF       R9, 0
;__Lib_Math.c,284 :: 		
0x0106	0x5000      	MOVF        R0, 0, 0
;__Lib_Math.c,285 :: 		
0x0108	0x6E08      	MOVWF       R8, 0
;__Lib_Math.c,286 :: 		
0x010A	0x6A01      	CLRF        R1, 0
;__Lib_Math.c,287 :: 		
0x010C	0x6A00      	CLRF        R0, 0
;__Lib_Math.c,288 :: 		
0x010E	0xD7E8      	BRA         $-46
;__Lib_Math.c,289 :: 		
0x0110	0x6A01      	CLRF        R1, 0
;__Lib_Math.c,290 :: 		
0x0112	0x6A00      	CLRF        R0, 0
;__Lib_Math.c,291 :: 		
0x0114	0x2A00      	INCF        R0, 1, 0
;__Lib_Math.c,292 :: 		
0x0116	0x0C00      	RETLW       0
;__Lib_Math.c,294 :: 		
0x0118	0x1E01      	COMF        R1, 1, 0
;__Lib_Math.c,295 :: 		
0x011A	0x1E00      	COMF        R0, 1, 0
;__Lib_Math.c,296 :: 		
0x011C	0x2A0B      	INCF        R11, 1, 0
;__Lib_Math.c,297 :: 		
0x011E	0xD7DD      	BRA         $-68
;__Lib_Math.c,299 :: 		
0x0120	0x2A08      	INCF        R8, 1, 0
;__Lib_Math.c,300 :: 		
0x0122	0xB4D8      	BTFSC       STATUS, 2, 0
;__Lib_Math.c,301 :: 		
0x0124	0x2A09      	INCF        R9, 1, 0
;__Lib_Math.c,302 :: 		
0x0126	0x5004      	MOVF        R4, 0, 0
;__Lib_Math.c,303 :: 		
0x0128	0x5C08      	SUBWF       R8, 0, 0
;__Lib_Math.c,304 :: 		
0x012A	0xA4D8      	BTFSS       STATUS, 2, 0
;__Lib_Math.c,305 :: 		
0x012C	0xD7D9      	BRA         $-76
;__Lib_Math.c,306 :: 		
0x012E	0x5005      	MOVF        R5, 0, 0
;__Lib_Math.c,307 :: 		
0x0130	0x5C09      	SUBWF       R9, 0, 0
;__Lib_Math.c,308 :: 		
0x0132	0xA4D8      	BTFSS       STATUS, 2, 0
;__Lib_Math.c,309 :: 		
0x0134	0xD7D5      	BRA         $-84
;__Lib_Math.c,310 :: 		
0x0136	0x6A09      	CLRF        R9, 0
;__Lib_Math.c,311 :: 		
0x0138	0x6A08      	CLRF        R8, 0
;__Lib_Math.c,312 :: 		
0x013A	0x2A00      	INCF        R0, 1, 0
;__Lib_Math.c,313 :: 		
0x013C	0xB4D8      	BTFSC       STATUS, 2, 0
;__Lib_Math.c,314 :: 		
0x013E	0x2A01      	INCF        R1, 1, 0
;__Lib_Math.c,315 :: 		
0x0140	0xAE01      	BTFSS       R1, 7, 0
;__Lib_Math.c,316 :: 		
0x0142	0xD7CE      	BRA         $-98
;__Lib_Math.c,317 :: 		
0x0144	0x0000      	NOP
;__Lib_Math.c,318 :: 		
0x0146	0x0CFF      	RETLW       255
;__Lib_Math.c,320 :: 		
0x0148	0x0012      	RETURN      0
; end of _Div_16x16_S
_seg7:
;Steering Wheel.c,7 :: 		int seg7(int num)
;Steering Wheel.c,9 :: 		int val[]={0x3f,0x06,0x5b,0x4f,0x66,0x6D,0x7D,0x07,0x7F,0x6F,0x77,0x7C,0x39,0x5E,0x79,0x71};
0x014A	0x0EC2      	MOVLW       ?ICSseg7_val_L0
0x014C	0x6EF6      	MOVWF       4086 
0x014E	0x0E04      	MOVLW       hi_addr(?ICSseg7_val_L0)
0x0150	0x6EF7      	MOVWF       TBLPTRH 
0x0152	0x0E00      	MOVLW       higher_addr(?ICSseg7_val_L0)
0x0154	0x6EF8      	MOVWF       TBLPTRU 
0x0156	0x0E40      	MOVLW       seg7_val_L0
0x0158	0x6EE1      	MOVWF       FSR1 
0x015A	0x0E00      	MOVLW       hi_addr(seg7_val_L0)
0x015C	0x6EE2      	MOVWF       FSR1H 
0x015E	0x0E20      	MOVLW       32
0x0160	0x6E00      	MOVWF       R0 
0x0162	0x0E01      	MOVLW       1
0x0164	0x6E01      	MOVWF       R1 
0x0166	0xDF5A      	RCALL       ___CC2DW
;Steering Wheel.c,10 :: 		return(val[num]);
0x0168	0xF000C03E  	MOVFF       FARG_seg7_num, R0
0x016C	0xF001C03F  	MOVFF       FARG_seg7_num+1, R1
0x0170	0x3600      	RLCF        R0, 1 
0x0172	0x9000      	BCF         R0, 0 
0x0174	0x3601      	RLCF        R1, 1 
0x0176	0x0E40      	MOVLW       seg7_val_L0
0x0178	0x2400      	ADDWF       R0, 0 
0x017A	0x6EE9      	MOVWF       FSR0 
0x017C	0x0E00      	MOVLW       hi_addr(seg7_val_L0)
0x017E	0x2001      	ADDWFC      R1, 0 
0x0180	0x6EEA      	MOVWF       FSR0H 
0x0182	0xF000CFEE  	MOVFF       POSTINC0, R0
0x0186	0xF001CFEE  	MOVFF       POSTINC0, R1
;Steering Wheel.c,11 :: 		}
0x018A	0x0012      	RETURN      0
; end of _seg7
_Delay_22us:
;__Lib_Delays.c,15 :: 		void Delay_22us() {
;__Lib_Delays.c,16 :: 		Delay_us(22);
0x018C	0x0E1D      	MOVLW       29
0x018E	0x6E0D      	MOVWF       R13, 0
L_Delay_22us1:
0x0190	0x2E0D      	DECFSZ      R13, 1, 0
0x0192	0xD7FE      	BRA         L_Delay_22us1
;__Lib_Delays.c,17 :: 		}
0x0194	0x0012      	RETURN      0
; end of _Delay_22us
_gear:
;Steering Wheel.c,13 :: 		int gear(int num)
;Steering Wheel.c,15 :: 		int val[]={0xFE,0x06,0xDA,0xCE,0x66,0xEC,0xFC,0x86,0xFE,0xEE};
0x0196	0x0EE2      	MOVLW       ?ICSgear_val_L0
0x0198	0x6EF6      	MOVWF       4086 
0x019A	0x0E04      	MOVLW       hi_addr(?ICSgear_val_L0)
0x019C	0x6EF7      	MOVWF       TBLPTRH 
0x019E	0x0E00      	MOVLW       higher_addr(?ICSgear_val_L0)
0x01A0	0x6EF8      	MOVWF       TBLPTRU 
0x01A2	0x0E2A      	MOVLW       gear_val_L0
0x01A4	0x6EE1      	MOVWF       FSR1 
0x01A6	0x0E00      	MOVLW       hi_addr(gear_val_L0)
0x01A8	0x6EE2      	MOVWF       FSR1H 
0x01AA	0x0E14      	MOVLW       20
0x01AC	0x6E00      	MOVWF       R0 
0x01AE	0x0E01      	MOVLW       1
0x01B0	0x6E01      	MOVWF       R1 
0x01B2	0xDF34      	RCALL       ___CC2DW
;Steering Wheel.c,16 :: 		return(val[num]);
0x01B4	0xF000C028  	MOVFF       FARG_gear_num, R0
0x01B8	0xF001C029  	MOVFF       FARG_gear_num+1, R1
0x01BC	0x3600      	RLCF        R0, 1 
0x01BE	0x9000      	BCF         R0, 0 
0x01C0	0x3601      	RLCF        R1, 1 
0x01C2	0x0E2A      	MOVLW       gear_val_L0
0x01C4	0x2400      	ADDWF       R0, 0 
0x01C6	0x6EE9      	MOVWF       FSR0 
0x01C8	0x0E00      	MOVLW       hi_addr(gear_val_L0)
0x01CA	0x2001      	ADDWFC      R1, 0 
0x01CC	0x6EEA      	MOVWF       FSR0H 
0x01CE	0xF000CFEE  	MOVFF       POSTINC0, R0
0x01D2	0xF001CFEE  	MOVFF       POSTINC0, R1
;Steering Wheel.c,17 :: 		}
0x01D6	0x0012      	RETURN      0
; end of _gear
_Div_8x8_U:
;__Lib_Math.c,77 :: 		
;__Lib_Math.c,84 :: 		
0x01D8	0x6A08      	CLRF        R8, 0
;__Lib_Math.c,85 :: 		
0x01DA	0x0E08      	MOVLW       8
;__Lib_Math.c,86 :: 		
0x01DC	0x6E0C      	MOVWF       R12, 0
;__Lib_Math.c,87 :: 		
0x01DE	0x3400      	RLCF        R0, 0, 0
;__Lib_Math.c,88 :: 		
0x01E0	0x3608      	RLCF        R8, 1, 0
;__Lib_Math.c,89 :: 		
0x01E2	0x5004      	MOVF        R4, 0, 0
;__Lib_Math.c,90 :: 		
0x01E4	0x5E08      	SUBWF       R8, 1, 0
;__Lib_Math.c,91 :: 		
0x01E6	0xB0D8      	BTFSC       STATUS, 0, 0
;__Lib_Math.c,92 :: 		
0x01E8	0xD002      	BRA         $+6
;__Lib_Math.c,93 :: 		
0x01EA	0x2608      	ADDWF       R8, 1, 0
;__Lib_Math.c,94 :: 		
0x01EC	0x90D8      	BCF         STATUS, 0, 0
;__Lib_Math.c,95 :: 		
0x01EE	0x3600      	RLCF        R0, 1, 0
;__Lib_Math.c,96 :: 		
0x01F0	0x2E0C      	DECFSZ      R12, 1, 0
;__Lib_Math.c,97 :: 		
0x01F2	0xD7F5      	BRA         $-20
;__Lib_Math.c,99 :: 		
0x01F4	0x0012      	RETURN      0
; end of _Div_8x8_U
_ADC_Read:
;__Lib_ADC_A_D.c,35 :: 		
;__Lib_ADC_A_D.c,38 :: 		
0x01F6	0x6AC2      	CLRF        ADCON0 
;__Lib_ADC_A_D.c,39 :: 		
0x01F8	0x0E07      	MOVLW       7
0x01FA	0x12C0      	IORWF       ADCON2, 1 
;__Lib_ADC_A_D.c,40 :: 		
0x01FC	0x8EC0      	BSF         ADCON2, 7 
;__Lib_ADC_A_D.c,41 :: 		
0x01FE	0xF000C028  	MOVFF       FARG_ADC_Read_channel, R0
0x0202	0x3600      	RLCF        R0, 1 
0x0204	0x9000      	BCF         R0, 0 
0x0206	0x3600      	RLCF        R0, 1 
0x0208	0x9000      	BCF         R0, 0 
0x020A	0x5000      	MOVF        R0, 0 
0x020C	0x12C2      	IORWF       ADCON0, 1 
;__Lib_ADC_A_D.c,42 :: 		
0x020E	0x80C2      	BSF         ADCON0, 0 
;__Lib_ADC_A_D.c,43 :: 		
0x0210	0xDFBD      	RCALL       _Delay_22us
;__Lib_ADC_A_D.c,44 :: 		
0x0212	0x82C2      	BSF         ADCON0, 1 
;__Lib_ADC_A_D.c,45 :: 		
L_ADC_Read2:
0x0214	0xA2C2      	BTFSS       ADCON0, 1 
0x0216	0xD001      	BRA         L_ADC_Read3
;__Lib_ADC_A_D.c,46 :: 		
0x0218	0xD7FD      	BRA         L_ADC_Read2
L_ADC_Read3:
;__Lib_ADC_A_D.c,47 :: 		
0x021A	0xF001CFC4  	MOVFF       ADRESH, R1
0x021E	0x6A00      	CLRF        R0 
;__Lib_ADC_A_D.c,48 :: 		
0x0220	0x50C3      	MOVF        ADRESL, 0 
0x0222	0x1200      	IORWF       R0, 1 
0x0224	0x0E00      	MOVLW       0
0x0226	0x1201      	IORWF       R1, 1 
;__Lib_ADC_A_D.c,49 :: 		
0x0228	0x90C2      	BCF         ADCON0, 0 
;__Lib_ADC_A_D.c,51 :: 		
;__Lib_ADC_A_D.c,52 :: 		
0x022A	0x0012      	RETURN      0
; end of _ADC_Read
_segr:
;Steering Wheel.c,43 :: 		segr()
;Steering Wheel.c,46 :: 		th=value/1000;
0x022C	0x0EE8      	MOVLW       232
0x022E	0x6E04      	MOVWF       R4 
0x0230	0x0E03      	MOVLW       3
0x0232	0x6E05      	MOVWF       R5 
0x0234	0xF000C023  	MOVFF       _value, R0
0x0238	0xF001C024  	MOVFF       _value+1, R1
0x023C	0xDF23      	RCALL       _Div_16x16_S
0x023E	0xF025C000  	MOVFF       R0, _th
;Steering Wheel.c,47 :: 		h=value/100%10;
0x0242	0x0E64      	MOVLW       100
0x0244	0x6E04      	MOVWF       R4 
0x0246	0x0E00      	MOVLW       0
0x0248	0x6E05      	MOVWF       R5 
0x024A	0xF000C023  	MOVFF       _value, R0
0x024E	0xF001C024  	MOVFF       _value+1, R1
0x0252	0xDF18      	RCALL       _Div_16x16_S
0x0254	0x0E0A      	MOVLW       10
0x0256	0x6E04      	MOVWF       R4 
0x0258	0x0E00      	MOVLW       0
0x025A	0x6E05      	MOVWF       R5 
0x025C	0xDF13      	RCALL       _Div_16x16_S
0x025E	0xF000C008  	MOVFF       R8, R0
0x0262	0xF001C009  	MOVFF       R9, R1
0x0266	0xF026C000  	MOVFF       R0, _h
;Steering Wheel.c,48 :: 		t=value/10%10;
0x026A	0x0E0A      	MOVLW       10
0x026C	0x6E04      	MOVWF       R4 
0x026E	0x0E00      	MOVLW       0
0x0270	0x6E05      	MOVWF       R5 
0x0272	0xF000C023  	MOVFF       _value, R0
0x0276	0xF001C024  	MOVFF       _value+1, R1
0x027A	0xDF04      	RCALL       _Div_16x16_S
0x027C	0x0E0A      	MOVLW       10
0x027E	0x6E04      	MOVWF       R4 
0x0280	0x0E00      	MOVLW       0
0x0282	0x6E05      	MOVWF       R5 
0x0284	0xDEFF      	RCALL       _Div_16x16_S
0x0286	0xF000C008  	MOVFF       R8, R0
0x028A	0xF001C009  	MOVFF       R9, R1
0x028E	0xF027C000  	MOVFF       R0, _t
;Steering Wheel.c,49 :: 		u=value%10;
0x0292	0x0E0A      	MOVLW       10
0x0294	0x6E04      	MOVWF       R4 
0x0296	0x0E00      	MOVLW       0
0x0298	0x6E05      	MOVWF       R5 
0x029A	0xF000C023  	MOVFF       _value, R0
0x029E	0xF001C024  	MOVFF       _value+1, R1
0x02A2	0xDEF0      	RCALL       _Div_16x16_S
0x02A4	0xF000C008  	MOVFF       R8, R0
0x02A8	0xF001C009  	MOVFF       R9, R1
0x02AC	0xF017C000  	MOVFF       R0, _u
;Steering Wheel.c,51 :: 		RC3_bit=0;
0x02B0	0x9682      	BCF         RC3_bit, 3 
;Steering Wheel.c,52 :: 		RC2_bit=0;
0x02B2	0x9482      	BCF         RC2_bit, 2 
;Steering Wheel.c,53 :: 		PORTD=seg7(th);
0x02B4	0xF03EC025  	MOVFF       _th, FARG_seg7_num
0x02B8	0x0E00      	MOVLW       0
0x02BA	0x6E3F      	MOVWF       FARG_seg7_num+1 
0x02BC	0xDF46      	RCALL       _seg7
0x02BE	0xFF83C000  	MOVFF       R0, PORTD
;Steering Wheel.c,54 :: 		delay_ms(1);
0x02C2	0x0E06      	MOVLW       6
0x02C4	0x6E0C      	MOVWF       R12, 0
0x02C6	0x0E30      	MOVLW       48
0x02C8	0x6E0D      	MOVWF       R13, 0
L_segr3:
0x02CA	0x2E0D      	DECFSZ      R13, 1, 0
0x02CC	0xD7FE      	BRA         L_segr3
0x02CE	0x2E0C      	DECFSZ      R12, 1, 0
0x02D0	0xD7FC      	BRA         L_segr3
0x02D2	0x0000      	NOP
;Steering Wheel.c,55 :: 		RC3_bit=0;
0x02D4	0x9682      	BCF         RC3_bit, 3 
;Steering Wheel.c,56 :: 		RC2_bit=1;
0x02D6	0x8482      	BSF         RC2_bit, 2 
;Steering Wheel.c,57 :: 		PORTD=seg7(h);
0x02D8	0xF03EC026  	MOVFF       _h, FARG_seg7_num
0x02DC	0x0E00      	MOVLW       0
0x02DE	0x6E3F      	MOVWF       FARG_seg7_num+1 
0x02E0	0xDF34      	RCALL       _seg7
0x02E2	0xFF83C000  	MOVFF       R0, PORTD
;Steering Wheel.c,58 :: 		delay_ms(1);
0x02E6	0x0E06      	MOVLW       6
0x02E8	0x6E0C      	MOVWF       R12, 0
0x02EA	0x0E30      	MOVLW       48
0x02EC	0x6E0D      	MOVWF       R13, 0
L_segr4:
0x02EE	0x2E0D      	DECFSZ      R13, 1, 0
0x02F0	0xD7FE      	BRA         L_segr4
0x02F2	0x2E0C      	DECFSZ      R12, 1, 0
0x02F4	0xD7FC      	BRA         L_segr4
0x02F6	0x0000      	NOP
;Steering Wheel.c,59 :: 		RC3_bit=1;
0x02F8	0x8682      	BSF         RC3_bit, 3 
;Steering Wheel.c,60 :: 		RC2_bit=0;
0x02FA	0x9482      	BCF         RC2_bit, 2 
;Steering Wheel.c,61 :: 		PORTD=seg7(t);delay_ms(1);
0x02FC	0xF03EC027  	MOVFF       _t, FARG_seg7_num
0x0300	0x0E00      	MOVLW       0
0x0302	0x6E3F      	MOVWF       FARG_seg7_num+1 
0x0304	0xDF22      	RCALL       _seg7
0x0306	0xFF83C000  	MOVFF       R0, PORTD
0x030A	0x0E06      	MOVLW       6
0x030C	0x6E0C      	MOVWF       R12, 0
0x030E	0x0E30      	MOVLW       48
0x0310	0x6E0D      	MOVWF       R13, 0
L_segr5:
0x0312	0x2E0D      	DECFSZ      R13, 1, 0
0x0314	0xD7FE      	BRA         L_segr5
0x0316	0x2E0C      	DECFSZ      R12, 1, 0
0x0318	0xD7FC      	BRA         L_segr5
0x031A	0x0000      	NOP
;Steering Wheel.c,62 :: 		RC3_bit=1;
0x031C	0x8682      	BSF         RC3_bit, 3 
;Steering Wheel.c,63 :: 		RC2_bit=1;
0x031E	0x8482      	BSF         RC2_bit, 2 
;Steering Wheel.c,64 :: 		PORTD=seg7(u);
0x0320	0xF03EC017  	MOVFF       _u, FARG_seg7_num
0x0324	0x0E00      	MOVLW       0
0x0326	0x6E3F      	MOVWF       FARG_seg7_num+1 
0x0328	0xDF10      	RCALL       _seg7
0x032A	0xFF83C000  	MOVFF       R0, PORTD
;Steering Wheel.c,65 :: 		}
0x032E	0x0012      	RETURN      0
; end of _segr
_main:
;Steering Wheel.c,114 :: 		void main(){
;Steering Wheel.c,115 :: 		long cnt = 0;
;Steering Wheel.c,116 :: 		T0CON=0XF8; //    timer0 on, 8 bit mode, counter, falling edge, no prescalar
0x0330	0x0EF8      	MOVLW       248
0x0332	0x6ED5      	MOVWF       T0CON 
;Steering Wheel.c,118 :: 		TRISA=0xFF;
0x0334	0x0EFF      	MOVLW       255
0x0336	0x6E92      	MOVWF       TRISA 
;Steering Wheel.c,119 :: 		ADCON1=0x00;
0x0338	0x6AC1      	CLRF        ADCON1 
;Steering Wheel.c,121 :: 		TRISF  = 0;
0x033A	0x6A97      	CLRF        TRISF 
;Steering Wheel.c,122 :: 		TRISE  = 0;
0x033C	0x6A96      	CLRF        TRISE 
;Steering Wheel.c,123 :: 		TRISB  = 0;
0x033E	0x6A93      	CLRF        TRISB 
;Steering Wheel.c,124 :: 		TRISD  = 0;
0x0340	0x6A95      	CLRF        TRISD 
;Steering Wheel.c,125 :: 		TRISC0_BIT=0;
0x0342	0x9094      	BCF         TRISC0_bit, 0 
;Steering Wheel.c,126 :: 		TRISC1_BIT=0;
0x0344	0x9294      	BCF         TRISC1_bit, 1 
;Steering Wheel.c,127 :: 		TRISC2_BIT=0;
0x0346	0x9494      	BCF         TRISC2_bit, 2 
;Steering Wheel.c,128 :: 		TRISC3_BIT=0;
0x0348	0x9694      	BCF         TRISC3_bit, 3 
;Steering Wheel.c,129 :: 		TRISC4_BIT=0;
0x034A	0x9894      	BCF         TRISC4_bit, 4 
;Steering Wheel.c,130 :: 		TRISC5_BIT=0;
0x034C	0x9A94      	BCF         TRISC5_bit, 5 
;Steering Wheel.c,132 :: 		while (1){
L_main33:
;Steering Wheel.c,135 :: 		PORTF=0xaa;   // rpm value
0x034E	0x0EAA      	MOVLW       170
0x0350	0x6E85      	MOVWF       PORTF 
;Steering Wheel.c,136 :: 		PORTB=gear(dat[0]%10);   // gear position value
0x0352	0x0E0A      	MOVLW       10
0x0354	0x6E04      	MOVWF       R4 
0x0356	0xF000C018  	MOVFF       _dat, R0
0x035A	0xDF3E      	RCALL       _Div_8x8_U
0x035C	0xF000C008  	MOVFF       R8, R0
0x0360	0xF028C000  	MOVFF       R0, FARG_gear_num
0x0364	0x0E00      	MOVLW       0
0x0366	0x6E29      	MOVWF       FARG_gear_num+1 
0x0368	0xDF16      	RCALL       _gear
0x036A	0xFF81C000  	MOVFF       R0, PORTB
;Steering Wheel.c,138 :: 		dat[1]=adc;
0x036E	0xF019C022  	MOVFF       _adc, _dat+1
;Steering Wheel.c,140 :: 		switch(dat[1])
0x0372	0xD01A      	BRA         L_main35
;Steering Wheel.c,142 :: 		case 1:
L_main37:
;Steering Wheel.c,143 :: 		{value=dat[2];segr();
0x0374	0xF023C01A  	MOVFF       _dat+2, _value
0x0378	0x0E00      	MOVLW       0
0x037A	0x6E24      	MOVWF       _value+1 
0x037C	0xDF57      	RCALL       _segr
;Steering Wheel.c,144 :: 		break;}
0x037E	0xD020      	BRA         L_main36
;Steering Wheel.c,145 :: 		case 2:
L_main38:
;Steering Wheel.c,146 :: 		{value=dat[2]*10;segr();
0x0380	0x0E0A      	MOVLW       10
0x0382	0x021A      	MULWF       _dat+2 
0x0384	0xF023CFF3  	MOVFF       PRODL, _value
0x0388	0xF024CFF4  	MOVFF       PRODH, _value+1
0x038C	0xDF4F      	RCALL       _segr
;Steering Wheel.c,147 :: 		break;}
0x038E	0xD018      	BRA         L_main36
;Steering Wheel.c,148 :: 		case 3:
L_main39:
;Steering Wheel.c,149 :: 		{value=dat[2];segr();
0x0390	0xF023C01A  	MOVFF       _dat+2, _value
0x0394	0x0E00      	MOVLW       0
0x0396	0x6E24      	MOVWF       _value+1 
0x0398	0xDF49      	RCALL       _segr
;Steering Wheel.c,150 :: 		break;}
0x039A	0xD012      	BRA         L_main36
;Steering Wheel.c,151 :: 		case 4:
L_main40:
;Steering Wheel.c,152 :: 		{value=dat[2];segr();}
0x039C	0xF023C01A  	MOVFF       _dat+2, _value
0x03A0	0x0E00      	MOVLW       0
0x03A2	0x6E24      	MOVWF       _value+1 
0x03A4	0xDF43      	RCALL       _segr
;Steering Wheel.c,153 :: 		break;
0x03A6	0xD00C      	BRA         L_main36
;Steering Wheel.c,154 :: 		}
L_main35:
0x03A8	0x5019      	MOVF        _dat+1, 0 
0x03AA	0x0A01      	XORLW       1
0x03AC	0xE0E3      	BZ          L_main37
0x03AE	0x5019      	MOVF        _dat+1, 0 
0x03B0	0x0A02      	XORLW       2
0x03B2	0xE0E6      	BZ          L_main38
0x03B4	0x5019      	MOVF        _dat+1, 0 
0x03B6	0x0A03      	XORLW       3
0x03B8	0xE0EB      	BZ          L_main39
0x03BA	0x5019      	MOVF        _dat+1, 0 
0x03BC	0x0A04      	XORLW       4
0x03BE	0xE0EE      	BZ          L_main40
L_main36:
;Steering Wheel.c,156 :: 		j=ADC_Read(0);
0x03C0	0x6A28      	CLRF        FARG_ADC_Read_channel 
0x03C2	0xDF19      	RCALL       _ADC_Read
0x03C4	0xF015C000  	MOVFF       R0, _j
0x03C8	0xF016C001  	MOVFF       R1, _j+1
;Steering Wheel.c,157 :: 		if(j>=0 && j<204)
0x03CC	0x0E80      	MOVLW       128
0x03CE	0x1801      	XORWF       R1, 0 
0x03D0	0x6E02      	MOVWF       R2 
0x03D2	0x0E80      	MOVLW       128
0x03D4	0x5C02      	SUBWF       R2, 0 
0x03D6	0xE102      	BNZ         L__main86
0x03D8	0x0E00      	MOVLW       0
0x03DA	0x5C00      	SUBWF       R0, 0 
L__main86:
0x03DC	0xE30E      	BNC         L_main43
0x03DE	0x0E80      	MOVLW       128
0x03E0	0x1816      	XORWF       _j+1, 0 
0x03E2	0x6E00      	MOVWF       R0 
0x03E4	0x0E80      	MOVLW       128
0x03E6	0x5C00      	SUBWF       R0, 0 
0x03E8	0xE102      	BNZ         L__main87
0x03EA	0x0ECC      	MOVLW       204
0x03EC	0x5C15      	SUBWF       _j, 0 
L__main87:
0x03EE	0xE205      	BC          L_main43
L__main71:
;Steering Wheel.c,158 :: 		{dat[1]=adc=1;
0x03F0	0x0E01      	MOVLW       1
0x03F2	0x6E22      	MOVWF       _adc 
0x03F4	0x0E01      	MOVLW       1
0x03F6	0x6E19      	MOVWF       _dat+1 
;Steering Wheel.c,159 :: 		}
0x03F8	0xD062      	BRA         L_main44
L_main43:
;Steering Wheel.c,160 :: 		else if(j>=204 && j<409)
0x03FA	0x0E80      	MOVLW       128
0x03FC	0x1816      	XORWF       _j+1, 0 
0x03FE	0x6E00      	MOVWF       R0 
0x0400	0x0E80      	MOVLW       128
0x0402	0x5C00      	SUBWF       R0, 0 
0x0404	0xE102      	BNZ         L__main88
0x0406	0x0ECC      	MOVLW       204
0x0408	0x5C15      	SUBWF       _j, 0 
L__main88:
0x040A	0xE30F      	BNC         L_main47
0x040C	0x0E80      	MOVLW       128
0x040E	0x1816      	XORWF       _j+1, 0 
0x0410	0x6E00      	MOVWF       R0 
0x0412	0x0E80      	MOVLW       128
0x0414	0x0A01      	XORLW       1
0x0416	0x5C00      	SUBWF       R0, 0 
0x0418	0xE102      	BNZ         L__main89
0x041A	0x0E99      	MOVLW       153
0x041C	0x5C15      	SUBWF       _j, 0 
L__main89:
0x041E	0xE205      	BC          L_main47
L__main70:
;Steering Wheel.c,161 :: 		{dat[1]=adc=2;
0x0420	0x0E02      	MOVLW       2
0x0422	0x6E22      	MOVWF       _adc 
0x0424	0x0E02      	MOVLW       2
0x0426	0x6E19      	MOVWF       _dat+1 
;Steering Wheel.c,162 :: 		}
0x0428	0xD04A      	BRA         L_main48
L_main47:
;Steering Wheel.c,163 :: 		else if(j>=409 && j<612)
0x042A	0x0E80      	MOVLW       128
0x042C	0x1816      	XORWF       _j+1, 0 
0x042E	0x6E00      	MOVWF       R0 
0x0430	0x0E80      	MOVLW       128
0x0432	0x0A01      	XORLW       1
0x0434	0x5C00      	SUBWF       R0, 0 
0x0436	0xE102      	BNZ         L__main90
0x0438	0x0E99      	MOVLW       153
0x043A	0x5C15      	SUBWF       _j, 0 
L__main90:
0x043C	0xE30F      	BNC         L_main51
0x043E	0x0E80      	MOVLW       128
0x0440	0x1816      	XORWF       _j+1, 0 
0x0442	0x6E00      	MOVWF       R0 
0x0444	0x0E80      	MOVLW       128
0x0446	0x0A02      	XORLW       2
0x0448	0x5C00      	SUBWF       R0, 0 
0x044A	0xE102      	BNZ         L__main91
0x044C	0x0E64      	MOVLW       100
0x044E	0x5C15      	SUBWF       _j, 0 
L__main91:
0x0450	0xE205      	BC          L_main51
L__main69:
;Steering Wheel.c,164 :: 		{dat[1]=adc=3;
0x0452	0x0E03      	MOVLW       3
0x0454	0x6E22      	MOVWF       _adc 
0x0456	0x0E03      	MOVLW       3
0x0458	0x6E19      	MOVWF       _dat+1 
;Steering Wheel.c,165 :: 		}
0x045A	0xD031      	BRA         L_main52
L_main51:
;Steering Wheel.c,166 :: 		else if(j>=612 && j<816)
0x045C	0x0E80      	MOVLW       128
0x045E	0x1816      	XORWF       _j+1, 0 
0x0460	0x6E00      	MOVWF       R0 
0x0462	0x0E80      	MOVLW       128
0x0464	0x0A02      	XORLW       2
0x0466	0x5C00      	SUBWF       R0, 0 
0x0468	0xE102      	BNZ         L__main92
0x046A	0x0E64      	MOVLW       100
0x046C	0x5C15      	SUBWF       _j, 0 
L__main92:
0x046E	0xE30F      	BNC         L_main55
0x0470	0x0E80      	MOVLW       128
0x0472	0x1816      	XORWF       _j+1, 0 
0x0474	0x6E00      	MOVWF       R0 
0x0476	0x0E80      	MOVLW       128
0x0478	0x0A03      	XORLW       3
0x047A	0x5C00      	SUBWF       R0, 0 
0x047C	0xE102      	BNZ         L__main93
0x047E	0x0E30      	MOVLW       48
0x0480	0x5C15      	SUBWF       _j, 0 
L__main93:
0x0482	0xE205      	BC          L_main55
L__main68:
;Steering Wheel.c,167 :: 		{dat[1]=adc=4;
0x0484	0x0E04      	MOVLW       4
0x0486	0x6E22      	MOVWF       _adc 
0x0488	0x0E04      	MOVLW       4
0x048A	0x6E19      	MOVWF       _dat+1 
;Steering Wheel.c,168 :: 		}
0x048C	0xD018      	BRA         L_main56
L_main55:
;Steering Wheel.c,169 :: 		else if(j>=816 && j<1024)
0x048E	0x0E80      	MOVLW       128
0x0490	0x1816      	XORWF       _j+1, 0 
0x0492	0x6E00      	MOVWF       R0 
0x0494	0x0E80      	MOVLW       128
0x0496	0x0A03      	XORLW       3
0x0498	0x5C00      	SUBWF       R0, 0 
0x049A	0xE102      	BNZ         L__main94
0x049C	0x0E30      	MOVLW       48
0x049E	0x5C15      	SUBWF       _j, 0 
L__main94:
0x04A0	0xE30E      	BNC         L_main59
0x04A2	0x0E80      	MOVLW       128
0x04A4	0x1816      	XORWF       _j+1, 0 
0x04A6	0x6E00      	MOVWF       R0 
0x04A8	0x0E80      	MOVLW       128
0x04AA	0x0A04      	XORLW       4
0x04AC	0x5C00      	SUBWF       R0, 0 
0x04AE	0xE102      	BNZ         L__main95
0x04B0	0x0E00      	MOVLW       0
0x04B2	0x5C15      	SUBWF       _j, 0 
L__main95:
0x04B4	0xE204      	BC          L_main59
L__main67:
;Steering Wheel.c,170 :: 		{dat[1]=adc=5;
0x04B6	0x0E05      	MOVLW       5
0x04B8	0x6E22      	MOVWF       _adc 
0x04BA	0x0E05      	MOVLW       5
0x04BC	0x6E19      	MOVWF       _dat+1 
;Steering Wheel.c,171 :: 		}
L_main59:
L_main56:
L_main52:
L_main48:
L_main44:
;Steering Wheel.c,173 :: 		}
0x04BE	0xD747      	BRA         L_main33
;Steering Wheel.c,176 :: 		}
0x04C0	0xD7FF      	BRA         $+0
; end of _main
;Steering Wheel.c,0 :: ?ICSseg7_val_L0
0x04C2	0x003F ;?ICSseg7_val_L0+0
0x04C4	0x0006 ;?ICSseg7_val_L0+2
0x04C6	0x005B ;?ICSseg7_val_L0+4
0x04C8	0x004F ;?ICSseg7_val_L0+6
0x04CA	0x0066 ;?ICSseg7_val_L0+8
0x04CC	0x006D ;?ICSseg7_val_L0+10
0x04CE	0x007D ;?ICSseg7_val_L0+12
0x04D0	0x0007 ;?ICSseg7_val_L0+14
0x04D2	0x007F ;?ICSseg7_val_L0+16
0x04D4	0x006F ;?ICSseg7_val_L0+18
0x04D6	0x0077 ;?ICSseg7_val_L0+20
0x04D8	0x007C ;?ICSseg7_val_L0+22
0x04DA	0x0039 ;?ICSseg7_val_L0+24
0x04DC	0x005E ;?ICSseg7_val_L0+26
0x04DE	0x0079 ;?ICSseg7_val_L0+28
0x04E0	0x0071 ;?ICSseg7_val_L0+30
; end of ?ICSseg7_val_L0
;Steering Wheel.c,0 :: ?ICSgear_val_L0
0x04E2	0x00FE ;?ICSgear_val_L0+0
0x04E4	0x0006 ;?ICSgear_val_L0+2
0x04E6	0x00DA ;?ICSgear_val_L0+4
0x04E8	0x00CE ;?ICSgear_val_L0+6
0x04EA	0x0066 ;?ICSgear_val_L0+8
0x04EC	0x00EC ;?ICSgear_val_L0+10
0x04EE	0x00FC ;?ICSgear_val_L0+12
0x04F0	0x0086 ;?ICSgear_val_L0+14
0x04F2	0x00FE ;?ICSgear_val_L0+16
0x04F4	0x00EE ;?ICSgear_val_L0+18
; end of ?ICSgear_val_L0
Symbol List:
//** Routines locations **
//ADDRESS    SIZE    PROCEDURE
//----------------------------------------------
0x001C      [16]    ___CC2DW
0x002C      [88]    _Div_16x16_S_L
0x0084     [198]    _Div_16x16_S
0x014A      [66]    _seg7
0x018C      [10]    _Delay_22us
0x0196      [66]    _gear
0x01D8      [30]    _Div_8x8_U
0x01F6      [54]    _ADC_Read
0x022C     [260]    _segr
0x0330     [402]    _main
//** Variables locations ** 
//ADDRESS    SIZE    VARIABLE
//----------------------------------------------
0x0000       [1]    FLASH_Erase_64_SaveINTCON_L0
0x0000       [1]    UART2_Init_tmp_L0
0x0000       [1]    SPI1_Write_tmp_L0
0x0000       [1]    UART1_Init_tmp_L0
0x0000       [1]    __Lib_SoftI2C_PutZerosToLATScl_temp_scl_L0
0x0000       [1]    __Lib_SoftI2C_PutZerosToLATSda_temp_sda_L0
0x0000       [1]    R0
0x0000       [1]    EEPROM_Write_SaveINTCON_L0
0x0001       [1]    I2C1_Rd_tmp_L0
0x0001       [1]    UART2_Read___tmp_UART2_Read_L0
0x0001       [1]    __Lib_PS2_Wait_Falling_nsample_L0
0x0001       [1]    FLASH_Write_8_i_L0
0x0001       [1]    R1
0x0001       [1]    ispunct_rslt_L0
0x0001       [2]    FLASH_Read_N_Bytes_i_L0
0x0001       [1]    FLASH_Erase_Write_64_i_L0
0x0001       [1]    UART1_Read___tmp_UART1_Read_L0
0x0002       [1]    R2
0x0002       [2]    memchr_s_L0
0x0002       [1]    FLASH_Write_8_SaveINTCON_L0
0x0002       [2]    memcpy_dd_L0
0x0002       [2]    strlen_cp_L0
0x0002       [1]    FLASH_Erase_Write_64_j_L0
0x0002       [2]    memset_pp_L0
0x0003       [1]    FLASH_Erase_Write_64_SaveINTCON_L0
0x0003       [2]    memmove_tt_L0
0x0003       [1]    R3
0x0003       [2]    Ltrim_original_L0
0x0004       [2]    strncat_cp_L0
0x0004       [2]    strncpy_cp_L0
0x0004       [1]    R4
0x0004       [2]    strcat_cp_L0
0x0004       [2]    frexp_pom_L0
0x0004       [2]    strcpy_cp_L0
0x0004       [2]    memcpy_ss_L0
0x0005       [2]    Ltrim_p_L0
0x0005       [2]    LongWordToHex_input_half_L0
0x0005       [1]    R5
0x0005       [2]    LongIntToHex_input_half_L0
0x0005       [2]    memmove_ff_L0
0x0006       [1]    R6
0x0007       [1]    R7
0x0008       [1]    R8
0x0009       [1]    R9
0x000A       [1]    R10
0x000B       [1]    R11
0x000C       [1]    R12
0x000D       [1]    R13
0x000E       [1]    R14
0x000F       [1]    R15
0x0010       [1]    R16
0x0011       [1]    R17
0x0012       [1]    R18
0x0013       [1]    R19
0x0014       [1]    R20
0x0015       [2]    _j
0x0017       [1]    _u
0x0018      [10]    _dat
0x0022       [1]    _adc
0x0023       [2]    _value
0x0025       [1]    _th
0x0026       [1]    _h
0x0027       [1]    _t
0x0028       [1]    FARG_ADC_Read_channel
0x0028       [2]    FARG_gear_num
0x002A      [20]    gear_val_L0
0x003E       [2]    FARG_seg7_num
0x0040      [32]    seg7_val_L0
0x0F6B       [0]    FERR_bit
0x0F6B       [1]    RCSTA2
0x0F6B       [0]    SREN_bit
0x0F6B       [0]    SPEN_bit
0x0F6B       [0]    CREN_bit
0x0F6B       [0]    RX9_bit
0x0F6B       [0]    OERR_bit
0x0F6B       [0]    ADDEN_bit
0x0F6B       [0]    RX9D_bit
0x0F6C       [0]    TX9D_bit
0x0F6C       [0]    TX9_bit
0x0F6C       [0]    TXEN_bit
0x0F6C       [0]    BRGH_bit
0x0F6C       [0]    SYNC_bit
0x0F6C       [0]    CSRC_bit
0x0F6C       [1]    TXSTA2
0x0F6C       [0]    TRMT_bit
0x0F6D       [1]    TXREG2
0x0F6E       [1]    RCREG2
0x0F6F       [1]    SPBRG2
0x0F70       [0]    DCCP5Y_bit
0x0F70       [0]    DCCP5X_bit
0x0F70       [0]    CCP5M2_bit
0x0F70       [0]    CCP5M3_bit
0x0F70       [0]    CCP5M0_bit
0x0F70       [0]    CCP5M1_bit
0x0F70       [1]    CCP5CON
0x0F71       [2]    CCPR5
0x0F71       [1]    CCPR5L
0x0F72       [1]    CCPR5H
0x0F73       [0]    DCCP4X_bit
0x0F73       [0]    CCP4M2_bit
0x0F73       [0]    DCCP4Y_bit
0x0F73       [0]    CCP4M3_bit
0x0F73       [0]    CCP4M1_bit
0x0F73       [1]    CCP4CON
0x0F73       [0]    CCP4M0_bit
0x0F74       [1]    CCPR4L
0x0F74       [2]    CCPR4
0x0F75       [1]    CCPR4H
0x0F76       [0]    T4OUTPS2_bit
0x0F76       [0]    T4OUTPS3_bit
0x0F76       [0]    T4OUTPS0_bit
0x0F76       [0]    T4CKPS1_bit
0x0F76       [1]    T4CON
0x0F76       [0]    T4CKPS0_bit
0x0F76       [0]    T4OUTPS1_bit
0x0F76       [0]    TMR4ON_bit
0x0F77       [1]    PR4
0x0F78       [1]    TMR4
0x0F80       [0]    RA4_bit
0x0F80       [0]    RA3_bit
0x0F80       [0]    RA6_bit
0x0F80       [0]    RA5_bit
0x0F80       [0]    RA0_bit
0x0F80       [1]    PORTA
0x0F80       [0]    RA2_bit
0x0F80       [0]    RA1_bit
0x0F81       [0]    RB6_bit
0x0F81       [0]    RB5_bit
0x0F81       [1]    PORTB
0x0F81       [0]    RB7_bit
0x0F81       [0]    RB4_bit
0x0F81       [0]    RB1_bit
0x0F81       [0]    RB0_bit
0x0F81       [0]    RB3_bit
0x0F81       [0]    RB2_bit
0x0F82       [1]    PORTC
0x0F82       [0]    RC5_bit
0x0F82       [0]    RC4_bit
0x0F82       [0]    RC7_bit
0x0F82       [0]    RC6_bit
0x0F82       [0]    RC1_bit
0x0F82       [0]    RC0_bit
0x0F82       [0]    RC3_bit
0x0F82       [0]    RC2_bit
0x0F83       [0]    RD2_bit
0x0F83       [1]    PORTD
0x0F83       [0]    RD0_bit
0x0F83       [0]    RD1_bit
0x0F83       [0]    RD3_bit
0x0F83       [0]    RD6_bit
0x0F83       [0]    RD7_bit
0x0F83       [0]    RD4_bit
0x0F83       [0]    RD5_bit
0x0F84       [0]    RE5_bit
0x0F84       [0]    RE4_bit
0x0F84       [0]    RE7_bit
0x0F84       [0]    RE6_bit
0x0F84       [0]    RE1_bit
0x0F84       [0]    RE0_bit
0x0F84       [0]    RE3_bit
0x0F84       [0]    RE2_bit
0x0F84       [1]    PORTE
0x0F85       [0]    RF5_bit
0x0F85       [0]    RF4_bit
0x0F85       [0]    RF7_bit
0x0F85       [0]    RF6_bit
0x0F85       [0]    RF3_bit
0x0F85       [0]    RF0_bit
0x0F85       [1]    PORTF
0x0F85       [0]    RF2_bit
0x0F85       [0]    RF1_bit
0x0F86       [0]    RG1_bit
0x0F86       [0]    RG4_bit
0x0F86       [0]    RG2_bit
0x0F86       [0]    RG3_bit
0x0F86       [1]    PORTG
0x0F86       [0]    RG0_bit
0x0F89       [0]    LATA0_bit
0x0F89       [0]    LATA1_bit
0x0F89       [0]    LATA2_bit
0x0F89       [0]    LATA6_bit
0x0F89       [0]    LATA5_bit
0x0F89       [0]    LATA4_bit
0x0F89       [1]    LATA
0x0F89       [0]    LATA3_bit
0x0F8A       [0]    LATB7_bit
0x0F8A       [1]    LATB
0x0F8A       [0]    LATB6_bit
0x0F8A       [0]    LATB2_bit
0x0F8A       [0]    LATB1_bit
0x0F8A       [0]    LATB0_bit
0x0F8A       [0]    LATB5_bit
0x0F8A       [0]    LATB4_bit
0x0F8A       [0]    LATB3_bit
0x0F8B       [0]    LATC2_bit
0x0F8B       [0]    LATC3_bit
0x0F8B       [0]    LATC0_bit
0x0F8B       [0]    LATC1_bit
0x0F8B       [0]    LATC4_bit
0x0F8B       [0]    LATC7_bit
0x0F8B       [1]    LATC
0x0F8B       [0]    LATC5_bit
0x0F8B       [0]    LATC6_bit
0x0F8C       [0]    LATD5_bit
0x0F8C       [0]    LATD6_bit
0x0F8C       [0]    LATD4_bit
0x0F8C       [0]    LATD3_bit
0x0F8C       [0]    LATD2_bit
0x0F8C       [1]    LATD
0x0F8C       [0]    LATD0_bit
0x0F8C       [0]    LATD1_bit
0x0F8C       [0]    LATD7_bit
0x0F8D       [1]    LATE
0x0F8D       [0]    LATE7_bit
0x0F8D       [0]    LATE1_bit
0x0F8D       [0]    LATE2_bit
0x0F8D       [0]    LATE0_bit
0x0F8D       [0]    LATE3_bit
0x0F8D       [0]    LATE6_bit
0x0F8D       [0]    LATE5_bit
0x0F8D       [0]    LATE4_bit
0x0F8E       [0]    LATF2_bit
0x0F8E       [0]    LATF0_bit
0x0F8E       [0]    LATF1_bit
0x0F8E       [0]    LATF7_bit
0x0F8E       [0]    LATF5_bit
0x0F8E       [0]    LATF6_bit
0x0F8E       [0]    LATF3_bit
0x0F8E       [0]    LATF4_bit
0x0F8E       [1]    LATF
0x0F8F       [0]    LATG1_bit
0x0F8F       [0]    LATG2_bit
0x0F8F       [0]    LATG4_bit
0x0F8F       [1]    LATG
0x0F8F       [0]    LATG3_bit
0x0F8F       [0]    LATG0_bit
0x0F92       [0]    TRISA1_bit
0x0F92       [0]    TRISA2_bit
0x0F92       [0]    TRISA0_bit
0x0F92       [1]    TRISA
0x0F92       [0]    TRISA5_bit
0x0F92       [0]    TRISA4_bit
0x0F92       [0]    TRISA3_bit
0x0F92       [0]    TRISA6_bit
0x0F93       [0]    TRISB6_bit
0x0F93       [0]    TRISB5_bit
0x0F93       [1]    TRISB
0x0F93       [0]    TRISB7_bit
0x0F93       [0]    TRISB4_bit
0x0F93       [0]    TRISB1_bit
0x0F93       [0]    TRISB0_bit
0x0F93       [0]    TRISB3_bit
0x0F93       [0]    TRISB2_bit
0x0F94       [0]    TRISC6_bit
0x0F94       [0]    TRISC5_bit
0x0F94       [1]    TRISC
0x0F94       [0]    TRISC7_bit
0x0F94       [0]    TRISC1_bit
0x0F94       [0]    TRISC0_bit
0x0F94       [0]    TRISC2_bit
0x0F94       [0]    TRISC4_bit
0x0F94       [0]    TRISC3_bit
0x0F95       [0]    TRISD6_bit
0x0F95       [0]    TRISD7_bit
0x0F95       [1]    TRISD
0x0F95       [0]    TRISD5_bit
0x0F95       [0]    TRISD0_bit
0x0F95       [0]    TRISD1_bit
0x0F95       [0]    TRISD2_bit
0x0F95       [0]    TRISD4_bit
0x0F95       [0]    TRISD3_bit
0x0F96       [0]    TRISE6_bit
0x0F96       [0]    TRISE7_bit
0x0F96       [1]    TRISE
0x0F96       [0]    TRISE2_bit
0x0F96       [0]    TRISE1_bit
0x0F96       [0]    TRISE0_bit
0x0F96       [0]    TRISE5_bit
0x0F96       [0]    TRISE4_bit
0x0F96       [0]    TRISE3_bit
0x0F97       [0]    TRISF4_bit
0x0F97       [1]    TRISF
0x0F97       [0]    TRISF5_bit
0x0F97       [0]    TRISF7_bit
0x0F97       [0]    TRISF6_bit
0x0F97       [0]    TRISF1_bit
0x0F97       [0]    TRISF0_bit
0x0F97       [0]    TRISF3_bit
0x0F97       [0]    TRISF2_bit
0x0F98       [0]    TRISG3_bit
0x0F98       [0]    TRISG2_bit
0x0F98       [0]    TRISG4_bit
0x0F98       [1]    TRISG
0x0F98       [0]    TRISG1_bit
0x0F98       [0]    TRISG0_bit
0x0F9C       [1]    MEMCON
0x0F9C       [0]    EBDIS_bit
0x0F9C       [0]    WAIT0_bit
0x0F9C       [0]    WM0_bit
0x0F9C       [0]    WAIT1_bit
0x0F9C       [0]    WM1_bit
0x0F9D       [0]    RC1IE_bit
0x0F9D       [0]    CCP1IE_bit
0x0F9D       [0]    SSPIE_bit
0x0F9D       [0]    ADIE_bit
0x0F9D       [0]    TXIE_bit
0x0F9D       [0]    TMR2IE_bit
0x0F9D       [0]    RCIE_bit
0x0F9D       [0]    TMR1IE_bit
0x0F9D       [0]    TX1IE_bit
0x0F9D       [0]    PSPIE_bit
0x0F9D       [1]    PIE1
0x0F9E       [0]    TX1IF_bit
0x0F9E       [0]    ADIF_bit
0x0F9E       [0]    PSPIF_bit
0x0F9E       [0]    CCP1IF_bit
0x0F9E       [0]    TMR1IF_bit
0x0F9E       [0]    TXIF_bit
0x0F9E       [1]    PIR1
0x0F9E       [0]    TMR2IF_bit
0x0F9E       [0]    RCIF_bit
0x0F9E       [0]    RC1IF_bit
0x0F9E       [0]    SSPIF_bit
0x0F9F       [0]    RC1IP_bit
0x0F9F       [0]    TX1IP_bit
0x0F9F       [0]    SSPIP_bit
0x0F9F       [1]    IPR1
0x0F9F       [0]    RCIP_bit
0x0F9F       [0]    TMR1IP_bit
0x0F9F       [0]    TMR2IP_bit
0x0F9F       [0]    CCP1IP_bit
0x0F9F       [0]    ADIP_bit
0x0F9F       [0]    TXIP_bit
0x0F9F       [0]    PSPIP_bit
0x0FA0       [0]    EEIE_bit
0x0FA0       [1]    PIE2
0x0FA0       [0]    LVDIE_bit
0x0FA0       [0]    BCLIE_bit
0x0FA0       [0]    TMR3IE_bit
0x0FA0       [0]    CMIE_bit
0x0FA0       [0]    CCP2IE_bit
0x0FA1       [0]    BCLIF_bit
0x0FA1       [0]    CMIF_bit
0x0FA1       [0]    TMR3IF_bit
0x0FA1       [0]    LVDIF_bit
0x0FA1       [0]    EEIF_bit
0x0FA1       [0]    CCP2IF_bit
0x0FA1       [1]    PIR2
0x0FA2       [0]    LVDIP_bit
0x0FA2       [0]    TMR3IP_bit
0x0FA2       [1]    IPR2
0x0FA2       [0]    CCP2IP_bit
0x0FA2       [0]    EEIP_bit
0x0FA2       [0]    CMIP_bit
0x0FA2       [0]    BCLIP_bit
0x0FA3       [1]    PIE3
0x0FA3       [0]    CCP4IE_bit
0x0FA3       [0]    CCP5IE_bit
0x0FA3       [0]    CCP3IE_bit
0x0FA3       [0]    TX2IE_bit
0x0FA3       [0]    RC2IE_bit
0x0FA3       [0]    TMR4IE_bit
0x0FA4       [0]    CCP4IF_bit
0x0FA4       [0]    TMR4IF_bit
0x0FA4       [0]    TX2IF_bit
0x0FA4       [0]    RC2IF_bit
0x0FA4       [1]    PIR3
0x0FA4       [0]    CCP3IF_bit
0x0FA4       [0]    CCP5IF_bit
0x0FA5       [0]    TX2IP_bit
0x0FA5       [0]    TMR4IP_bit
0x0FA5       [0]    CCP5IP_bit
0x0FA5       [1]    IPR3
0x0FA5       [0]    CCP3IP_bit
0x0FA5       [0]    CCP4IP_bit
0x0FA5       [0]    RC2IP_bit
0x0FA6       [0]    EEPGD_bit
0x0FA6       [0]    FREE_bit
0x0FA6       [0]    RD_bit
0x0FA6       [0]    WREN_bit
0x0FA6       [0]    WRERR_bit
0x0FA6       [0]    CFGS_bit
0x0FA6       [0]    WR_bit
0x0FA6       [1]    EECON1
0x0FA7       [1]    EECON2
0x0FA8       [1]    EEDATA
0x0FA9       [1]    EEADR
0x0FAA       [1]    EEADRH
0x0FAB       [1]    RCSTA1
0x0FAB       [0]    RX9_RCSTA1_bit
0x0FAB       [0]    ADDEN_RCSTA1_bit
0x0FAB       [0]    RX9D_RCSTA1_bit
0x0FAB       [1]    RCSTA
0x0FAB       [0]    FERR_RCSTA1_bit
0x0FAB       [0]    SREN_RCSTA1_bit
0x0FAB       [0]    OERR_RCSTA1_bit
0x0FAB       [0]    CREN_RCSTA1_bit
0x0FAB       [0]    SPEN_RCSTA1_bit
0x0FAC       [1]    TXSTA1
0x0FAC       [0]    BRGH_TXSTA1_bit
0x0FAC       [0]    TXEN_TXSTA1_bit
0x0FAC       [0]    TX9D_TXSTA1_bit
0x0FAC       [0]    SYNC_TXSTA1_bit
0x0FAC       [0]    CSRC_TXSTA1_bit
0x0FAC       [0]    TRMT_TXSTA1_bit
0x0FAC       [1]    TXSTA
0x0FAC       [0]    TX9_TXSTA1_bit
0x0FAD       [1]    TXREG1
0x0FAD       [1]    TXREG
0x0FAE       [1]    RCREG1
0x0FAF       [1]    SPBRG1
0x0FAF       [1]    SPBRG
0x0FB0       [0]    IBF_bit
0x0FB0       [0]    PSPMODE_bit
0x0FB0       [1]    PSPCON
0x0FB0       [0]    IBOV_bit
0x0FB0       [0]    OBF_bit
0x0FB1       [0]    T3SYNC_bit
0x0FB1       [0]    T3INSYNC_bit
0x0FB1       [0]    TMR3CS_bit
0x0FB1       [1]    T3CON
0x0FB1       [0]    TMR3ON_bit
0x0FB1       [0]    T3CKPS0_bit
0x0FB1       [0]    T3CCP2_bit
0x0FB1       [0]    T3CCP1_bit
0x0FB1       [0]    NOT_T3SYNC_bit
0x0FB1       [0]    T3CKPS1_bit
0x0FB1       [0]    RD16_T3CON_bit
0x0FB2       [1]    TMR3L
0x0FB3       [1]    TMR3H
0x0FB4       [0]    CM1_bit
0x0FB4       [0]    CM0_bit
0x0FB4       [0]    CIS_bit
0x0FB4       [0]    CM2_bit
0x0FB4       [0]    C1INV_bit
0x0FB4       [0]    C1OUT_CMCON_bit
0x0FB4       [0]    C2INV_bit
0x0FB4       [0]    C2OUT_CMCON_bit
0x0FB4       [1]    CMCON
0x0FB5       [0]    CVR3_bit
0x0FB5       [0]    CVRSS_bit
0x0FB5       [0]    CVR2_bit
0x0FB5       [0]    CVR0_bit
0x0FB5       [0]    CVR1_bit
0x0FB5       [0]    CVREN_bit
0x0FB5       [0]    CVRR_bit
0x0FB5       [0]    CVROE_bit
0x0FB5       [1]    CVRCON
0x0FB7       [0]    DCCP3Y_bit
0x0FB7       [0]    CCP3M1_bit
0x0FB7       [0]    CCP3M0_bit
0x0FB7       [0]    CCP3M3_bit
0x0FB7       [1]    CCP3CON
0x0FB7       [0]    CCP3M2_bit
0x0FB7       [0]    DCCP3X_bit
0x0FB8       [2]    CCPR3
0x0FB8       [1]    CCPR3L
0x0FB9       [1]    CCPR3H
0x0FBA       [0]    CCP2X_bit
0x0FBA       [0]    CCP2Y_bit
0x0FBA       [1]    CCP2CON
0x0FBA       [0]    CCP2M0_bit
0x0FBA       [0]    DCCP2X_bit
0x0FBA       [0]    DCCP2Y_bit
0x0FBA       [0]    CCP2M3_bit
0x0FBA       [0]    CCP2M2_bit
0x0FBA       [0]    CCP2M1_bit
0x0FBB       [2]    CCPR2
0x0FBB       [1]    CCPR2L
0x0FBC       [1]    CCPR2H
0x0FBD       [0]    DCCP1X_bit
0x0FBD       [0]    CCP1M0_bit
0x0FBD       [1]    CCP1CON
0x0FBD       [0]    CCP1M2_bit
0x0FBD       [0]    CCP1M3_bit
0x0FBD       [0]    CCP1M1_bit
0x0FBD       [0]    DCCP1Y_bit
0x0FBD       [0]    CCP1Y_bit
0x0FBD       [0]    CCP1X_bit
0x0FBE       [2]    CCPR1
0x0FBE       [1]    CCPR1L
0x0FBF       [1]    CCPR1H
0x0FC0       [0]    ADCS0_bit
0x0FC0       [1]    ADCON2
0x0FC0       [0]    ADCS2_bit
0x0FC0       [0]    ADCS1_bit
0x0FC0       [0]    ADFM_bit
0x0FC1       [0]    PCFG2_bit
0x0FC1       [0]    VCFG0_bit
0x0FC1       [0]    VCFG1_bit
0x0FC1       [0]    PCFG3_bit
0x0FC1       [0]    PCFG1_bit
0x0FC1       [0]    PCFG0_bit
0x0FC1       [1]    ADCON1
0x0FC2       [0]    ADON_bit
0x0FC2       [1]    ADCON0
0x0FC2       [0]    GO_DONE_bit
0x0FC2       [0]    GO_bit
0x0FC2       [0]    NOT_DONE_bit
0x0FC2       [0]    CHS3_bit
0x0FC2       [0]    CHS0_bit
0x0FC2       [0]    CHS1_bit
0x0FC2       [0]    CHS2_bit
0x0FC2       [0]    DONE_bit
0x0FC3       [2]    ADRES
0x0FC3       [1]    ADRESL
0x0FC4       [1]    ADRESH
0x0FC5       [0]    ACKSTAT_bit
0x0FC5       [0]    RCEN_bit
0x0FC5       [0]    GCEN_bit
0x0FC5       [0]    ACKDT_bit
0x0FC5       [0]    SEN_bit
0x0FC5       [0]    ACKEN_bit
0x0FC5       [0]    PEN_bit
0x0FC5       [0]    RSEN_bit
0x0FC5       [1]    SSPCON2
0x0FC6       [0]    SSPM3_bit
0x0FC6       [0]    CKP_bit
0x0FC6       [0]    SSPOV_bit
0x0FC6       [0]    SSPM2_bit
0x0FC6       [0]    SSPM0_bit
0x0FC6       [0]    SSPEN_bit
0x0FC6       [1]    SSPCON1
0x0FC6       [0]    SSPM1_bit
0x0FC6       [0]    WCOL_bit
0x0FC7       [0]    NOT_WRITE_bit
0x0FC7       [0]    SMP_bit
0x0FC7       [0]    S_bit
0x0FC7       [0]    I2C_START__bit
0x0FC7       [0]    NOT_W_bit
0x0FC7       [0]    I2C_STOP__bit
0x0FC7       [0]    I2C_READ_bit
0x0FC7       [1]    SSPSTAT
0x0FC7       [0]    P_bit
0x0FC7       [0]    I2C_DAT_bit
0x0FC7       [0]    R_W_bit
0x0FC7       [0]    NOT_ADDRESS_bit
0x0FC7       [0]    D_A_bit
0x0FC7       [0]    NOT_A_bit
0x0FC7       [0]    CKE_bit
0x0FC7       [0]    R_bit
0x0FC7       [0]    UA_bit
0x0FC7       [0]    DATA_ADDRESS_bit
0x0FC7       [0]    BF_bit
0x0FC7       [0]    READ_WRITE_bit
0x0FC7       [0]    D_bit
0x0FC8       [1]    SSPADD
0x0FC9       [1]    SSPBUF
0x0FCA       [0]    TMR2ON_bit
0x0FCA       [1]    T2CON
0x0FCA       [0]    T2CKPS1_bit
0x0FCA       [0]    T2CKPS0_bit
0x0FCA       [0]    T2OUTPS0_bit
0x0FCA       [0]    T2OUTPS1_bit
0x0FCA       [0]    T2OUTPS3_bit
0x0FCA       [0]    T2OUTPS2_bit
0x0FCB       [1]    PR2
0x0FCC       [1]    TMR2
0x0FCD       [0]    RD16_bit
0x0FCD       [0]    TMR1ON_bit
0x0FCD       [0]    TMR1CS_bit
0x0FCD       [1]    T1CON
0x0FCD       [0]    NOT_T1SYNC_bit
0x0FCD       [0]    T1CKPS1_bit
0x0FCD       [0]    T1OSCEN_bit
0x0FCD       [0]    T1INSYNC_bit
0x0FCD       [0]    T1CKPS0_bit
0x0FCD       [0]    T1SYNC_bit
0x0FCE       [1]    TMR1L
0x0FCF       [1]    TMR1H
0x0FD0       [0]    NOT_RI_bit
0x0FD0       [0]    TO__bit
0x0FD0       [0]    NOT_PD_bit
0x0FD0       [0]    NOT_BOR_bit
0x0FD0       [0]    IPEN_bit
0x0FD0       [0]    RI_bit
0x0FD0       [0]    NOT_TO_bit
0x0FD0       [0]    BOR_bit
0x0FD0       [0]    POR_bit
0x0FD0       [0]    NOT_POR_bit
0x0FD0       [1]    RCON
0x0FD0       [0]    PD_bit
0x0FD1       [1]    WDTCON
0x0FD1       [0]    SWDTEN_bit
0x0FD1       [0]    SWDTE_bit
0x0FD2       [1]    LVDCON
0x0FD2       [0]    LVDL0_bit
0x0FD2       [0]    LVDEN_bit
0x0FD2       [0]    LVDL3_bit
0x0FD2       [0]    IRVST_bit
0x0FD2       [0]    LVDL1_bit
0x0FD2       [0]    LVDL2_bit
0x0FD3       [0]    SCS_bit
0x0FD3       [1]    OSCCON
0x0FD5       [0]    T08BIT_bit
0x0FD5       [0]    T0PS1_bit
0x0FD5       [0]    T0PS2_bit
0x0FD5       [0]    T0SE_bit
0x0FD5       [0]    T0CS_bit
0x0FD5       [0]    PSA_bit
0x0FD5       [0]    T0PS0_bit
0x0FD5       [1]    T0CON
0x0FD5       [0]    TMR0ON_bit
0x0FD6       [1]    TMR0L
0x0FD7       [1]    TMR0H
0x0FD8       [0]    N_bit
0x0FD8       [0]    DC_bit
0x0FD8       [0]    OV_bit
0x0FD8       [0]    Z_bit
0x0FD8       [1]    STATUS
0x0FD8       [0]    C_bit
0x0FD9       [2]    FSR2
0x0FD9       [2]    FSR2PTR
0x0FD9       [1]    FSR2L
0x0FDA       [1]    FSR2H
0x0FDB       [1]    PLUSW2
0x0FDC       [1]    PREINC2
0x0FDD       [1]    POSTDEC2
0x0FDE       [1]    POSTINC2
0x0FDF       [1]    INDF2
0x0FE0       [1]    BSR
0x0FE1       [1]    FSR1L
0x0FE1       [2]    FSR1PTR
0x0FE1       [2]    FSR1
0x0FE2       [1]    FSR1H
0x0FE3       [1]    PLUSW1
0x0FE4       [1]    PREINC1
0x0FE5       [1]    POSTDEC1
0x0FE6       [1]    POSTINC1
0x0FE7       [1]    INDF1
0x0FE8       [1]    WREG
0x0FE9       [2]    FSR0
0x0FE9       [1]    FSR0L
0x0FE9       [2]    FSR0PTR
0x0FEA       [1]    FSR0H
0x0FEB       [1]    PLUSW0
0x0FEC       [1]    PREINC0
0x0FED       [1]    POSTDEC0
0x0FEE       [1]    POSTINC0
0x0FEF       [1]    INDF0
0x0FF0       [1]    INTCON3
0x0FF0       [0]    INT2IP_bit
0x0FF0       [0]    INT2IF_bit
0x0FF0       [0]    INT3IF_bit
0x0FF0       [0]    INT3IE_bit
0x0FF0       [0]    INT1IF_bit
0x0FF0       [0]    INT1IE_bit
0x0FF0       [0]    INT2IE_bit
0x0FF0       [0]    INT1IP_bit
0x0FF1       [0]    INTEDG1_bit
0x0FF1       [0]    INTEDG2_bit
0x0FF1       [0]    INT3P_bit
0x0FF1       [0]    INTEDG0_bit
0x0FF1       [1]    INTCON2
0x0FF1       [0]    T0IP_bit
0x0FF1       [0]    TMR0IP_bit
0x0FF1       [0]    NOT_RBPU_bit
0x0FF1       [0]    RBPU_bit
0x0FF1       [0]    INTEDG3_bit
0x0FF1       [0]    RBIP_bit
0x0FF2       [0]    GIEH_bit
0x0FF2       [0]    GIEL_bit
0x0FF2       [0]    INT0F_bit
0x0FF2       [0]    INT0E_bit
0x0FF2       [0]    PEIE_bit
0x0FF2       [0]    T0IF_bit
0x0FF2       [0]    T0IE_bit
0x0FF2       [0]    GIE_bit
0x0FF2       [1]    INTCON
0x0FF2       [0]    TMR0IE_bit
0x0FF2       [0]    TMR0IF_bit
0x0FF2       [0]    INT0IF_bit
0x0FF2       [0]    INT0IE_bit
0x0FF2       [1]    INTCON1
0x0FF2       [0]    RBIE_bit
0x0FF2       [0]    RBIF_bit
0x0FF3       [1]    PRODL
0x0FF3       [2]    PROD
0x0FF4       [1]    PRODH
0x0FF5       [1]    TABLAT
0x0FF6       [1]    TBLPTRL
0x0FF6       [3]    TBLPTR
0x0FF7       [1]    TBLPTRH
0x0FF8       [0]    TBLPTRU4_bit
0x0FF8       [1]    TBLPTRU
0x0FF8       [0]    TBLPTRU3_bit
0x0FF8       [0]    TBLPTRU0_bit
0x0FF8       [0]    ACSS_bit
0x0FF8       [0]    TBLPTRU2_bit
0x0FF8       [0]    TBLPTRU1_bit
0x0FF9       [1]    PCL
0x0FFA       [1]    PCLATH
0x0FFB       [0]    PCU3_bit
0x0FFB       [0]    PCU2_bit
0x0FFB       [0]    PCU1_bit
0x0FFB       [0]    PCU0_bit
0x0FFB       [0]    PCU4_bit
0x0FFB       [1]    PCLATU
0x0FFC       [1]    STKPTR
0x0FFC       [0]    STKOVF_bit
0x0FFC       [0]    STKUNF_bit
0x0FFD       [1]    TOSL
0x0FFE       [1]    TOSH
0x0FFF       [1]    TOSU
//** Constants locations ** 
//ADDRESS    SIZE    CONSTANT
//----------------------------------------------
0x04C2      [32]    ?ICSseg7_val_L0
0x04E2      [20]    ?ICSgear_val_L0
//** Label List: ** 
//----------------------------------------------
  L_segl0
  L_segl1
  L_segl2
  L_segr3
  L_segr4
  L_segr5
  L_gps6
  L_gps7
  L_gps8
  L_gps9
  L_gps10
  L_gps11
  L_gps12
  L_gps13
  L_gps14
  L_gps15
  L_gps16
  L_gps17
  L_gps18
  L_gps19
  L_gps20
  L_gps21
  L_gps22
  L_gps23
  L_gps24
  L_gps25
  L_gps26
  L_gps27
  L_gps28
  L_gps29
  L_gps30
  L_gps31
  L_gps32
  L_main33
  L_main34
  L_main35
  L_main36
  L_main37
  L_main38
  L_main39
  L_main40
  L_main41
  L_main42
  L_main43
  L_main44
  L_main45
  L_main46
  L_main47
  L_main48
  L_main49
  L_main50
  L_main51
  L_main52
  L_main53
  L_main54
  L_main55
  L_main56
  L_main57
  L_main58
  L_main59
  L__gps60
  L__gps61
  L__gps62
  L__gps63
  L__gps64
  L__gps65
  L__gps66
  L__main67
  L__main68
  L__main69
  L__main70
  L__main71
  _seg7
  _gear
  _segl
  _segr
  _gps
  L__gps72
  L__gps73
  L__gps74
  L__gps75
  L__gps76
  L__gps77
  L__gps78
  L__gps79
  L__gps80
  L__gps81
  L__gps82
  L__gps83
  L__gps84
  L__gps85
  _voltage
  _et
  _speed
  _main
  L__main86
  L__main87
  L__main88
  L__main89
  L__main90
  L__main91
  L__main92
  L__main93
  L__main94
  L__main95
  L_ADC_Get_Sample0
  L_ADC_Get_Sample1
  L_ADC_Read2
  L_ADC_Read3
  _ADC_Init
  _ADC_Get_Sample
  _ADC_Read
  L_Delay_10us0
  L_Delay_22us1
  L_Delay_50us2
  L_Delay_80us3
  L_Delay_500us4
  L_Delay_5500us5
  L_Delay_1ms6
  L_Delay_5ms7
  L_Delay_8ms8
  L_Delay_100ms9
  L_Delay_10ms10
  L_Delay_1sec11
  L____Boot_Delay4k12
  L____Boot_Delay8k13
  L____Boot_Delay12k14
  L____Boot_Delay16k15
  L____Boot_Delay24k16
  L____Boot_Delay32k17
  L____Boot_Delay48k18
  L____Boot_Delay64k19
  L____Boot_Delay128k20
  L_Delay_Cyc21
  L_Delay_Cyc22
  L_VDelay_ms23
  L_VDelay_ms24
  L_VDelay_ms25
  L_VDelay_Advanced_ms26
  L_VDelay_Advanced_ms27
  L_VDelay_Advanced_ms28
  _Get_Fosc_kHz
  _Delay_1us
  _Delay_10us
  _Delay_22us
  _Delay_50us
  _Delay_80us
  _Delay_500us
  _Delay_5500us
  _Delay_1ms
  _Delay_5ms
  _Delay_8ms
  _Delay_100ms
  _Delay_10ms
  _Delay_1sec
  ____Boot_Delay4k
  ____Boot_Delay8k
  ____Boot_Delay12k
  ____Boot_Delay16k
  ____Boot_Delay24k
  ____Boot_Delay32k
  ____Boot_Delay48k
  ____Boot_Delay64k
  ____Boot_Delay128k
  _Delay_Cyc
  _VDelay_ms
  L__VDelay_ms29
  L__VDelay_ms30
  L__VDelay_ms31
  _VDelay_Advanced_ms
  L__VDelay_Advanced_ms32
  L__VDelay_Advanced_ms33
  L__VDelay_Advanced_ms34
  L_Div_16x16_S0
  L_Div_16x16_S1
  LOOPS3232A
  SADD22LA
  SOK22LA
  SADD22L8
  SOK22L8
  LOOPS3232B
  SADD22LB
  SOK22LB
  SADD22L16
  SOK22L16
  LOOPS3232C
  SADD22LC
  SOK22LC
  SADD22L24
  SOK22L24
  LOOPS3232D
  SADD22LD
  SOK22LD
  SOK22L
  L_Div_32x32_S6
  L_Div_32x32_S7
  L_Div_32x32_S8
  L_Div_32x32_S9
  FXD3232S
  END_ALL
  CA3232S
  C3232SX
  C3232SX1
  C3232S
  C3232S2
  C3232SX4
  C3232SOK
  C3232SX3
  C3232SX2
  avoid_comfrem
  LOOPU3232A
  UADD22LA
  UOK22LA
  UADD22L8
  UOK22L8
  LOOPU3232B
  UADD22LB
  UOK22LB
  UADD22L16
  UOK22L16
  LOOPU3232C
  UADD22LC
  UOK22LC
  UADD22L24
  UOK22L24
  LOOPU3232D
  UADD22LD
  UOK22LD
  UOK22L
  _NEXT
  _EXIT2
  _LOOP
  _EXIT1
  _IF_FIRST
  _IF_SECOND
  _INVERCE_FIRST
  _MULT
  _INBERSE_SECOND
  _EXIT
  _Div_8x8_U
  _Div_16x16_U
  _Div_16x16_S_L
  _Div_16x16_S
  _Div_8x8_S
  _Mul_8x8_S
  _Mul_16x16_U
  _Mul_16x16_S
  _SDIV3232L
  _COMFREM
  _Div_32x32_S
  _Div_32x32_U
  _Mul_32x32_U
  _Mul_32x32_S
  _CC2D_Loop1
  _CC2DL_Loop1
  L_longjmp2
  ___CC2D
  ___CC2DW
  _____DoIFC
  _Swap
  _setjmp
  _longjmp
